#
# There is insufficient memory for the Java Runtime Environment to continue.
# Native memory allocation (mmap) failed to map 536870912 bytes for Failed to commit area from 0x0000000600c00000 to 0x0000000620c00000 of length 536870912.
# Possible reasons:
#   The system is out of physical RAM or swap space
#   The process is running with CompressedOops enabled, and the Java Heap may be blocking the growth of the native heap
# Possible solutions:
#   Reduce memory load on the system
#   Increase physical memory or swap space
#   Check if swap backing store is full
#   Decrease Java heap size (-Xmx/-Xms)
#   Decrease number of Java threads
#   Decrease Java thread stack sizes (-Xss)
#   Set larger code cache with -XX:ReservedCodeCacheSize=
# This output file may be truncated or incomplete.
#
#  Out of Memory Error (./src/hotspot/os/windows/os_windows.cpp:3386), pid=18128, tid=32164
#
# JRE version:  (11.0.16.1+1) (build )
# Java VM: OpenJDK 64-Bit Server VM (11.0.16.1+1-LTS, mixed mode, sharing, tiered, compressed oops, g1 gc, windows-amd64)
# No core dump will be written. Minidumps are not enabled by default on client versions of Windows
#

---------------  S U M M A R Y ------------

Command Line: com.xamarin.manifestmerger.Main obj\Debug\net7.0-android\android\manifestmerger.rsp

Host: AMD Ryzen 5 5600X 6-Core Processor             , 12 cores, 31G,  Windows 10 , 64 bit Build 19041 (10.0.19041.2546)
Time: Thu Apr 13 01:32:11 2023 Eastern Daylight Time elapsed time: 0.009237 seconds (0d 0h 0m 0s)

---------------  T H R E A D  ---------------

Current thread (0x0000018c42b2f800):  JavaThread "Unknown thread" [_thread_in_vm, id=32164, stack(0x00000035a1b00000,0x00000035a1c00000)]

Stack: [0x00000035a1b00000,0x00000035a1c00000]
Native frames: (J=compiled Java code, j=interpreted, Vv=VM code, C=native code)
V  [jvm.dll+0x62652a]
V  [jvm.dll+0x7b3249]
V  [jvm.dll+0x7b4938]
V  [jvm.dll+0x7b5013]
V  [jvm.dll+0x24fca8]
V  [jvm.dll+0x62383a]
V  [jvm.dll+0x617fe5]
V  [jvm.dll+0x307bac]
V  [jvm.dll+0x307a32]
V  [jvm.dll+0x30c746]
V  [jvm.dll+0x352b9f]
V  [jvm.dll+0x3525d0]
V  [jvm.dll+0x2e4ba8]
V  [jvm.dll+0x2e5d06]
V  [jvm.dll+0x78d097]
V  [jvm.dll+0x78e81f]
V  [jvm.dll+0x35f8e9]
V  [jvm.dll+0x770000]
V  [jvm.dll+0x3cd40f]
V  [jvm.dll+0x3cf7a1]
C  [jli.dll+0x5207]
C  [ucrtbase.dll+0x21bb2]
C  [KERNEL32.DLL+0x17614]
C  [ntdll.dll+0x526a1]


---------------  P R O C E S S  ---------------

Threads class SMR info:
_java_thread_list=0x0000018c408652c0, length=0, elements={
}

Java Threads: ( => current thread )

Other Threads:
  0x0000018c42b47000 GCTaskThread "GC Thread#0" [stack: 0x00000035a1c00000,0x00000035a1d00000] [id=25148]
  0x0000018c42bc7000 ConcurrentGCThread "G1 Main Marker" [stack: 0x00000035a1d00000,0x00000035a1e00000] [id=13000]
  0x0000018c42bc9800 ConcurrentGCThread "G1 Conc#0" [stack: 0x00000035a1e00000,0x00000035a1f00000] [id=24004]

[error occurred during error reporting (printing all threads), id 0xc0000005, EXCEPTION_ACCESS_VIOLATION (0xc0000005) at pc=0x00007ffd88534377]

VM state:not at safepoint (not fully initialized)

VM Mutex/Monitor currently owned by a thread:  ([mutex/lock_event])
[0x0000018c42b2cb60] Heap_lock - owner thread: 0x0000018c42b2f800

Heap address: 0x0000000600c00000, size: 8180 MB, Compressed Oops mode: Non-zero based: 0x0000000600c00000
Narrow klass base: 0x0000000000000000, Narrow klass shift: 0

GC Heap History (0 events):
No events

Deoptimization events (0 events):
No events

Classes redefined (0 events):
No events

Internal exceptions (0 events):
No events

Events (1 events):
Event: 0.006 Loaded shared library C:\Program Files\Microsoft\jdk-11.0.16.101-hotspot\bin\zip.dll


Dynamic libraries:
0x00007ff701cd0000 - 0x00007ff701cdd000 	C:\Program Files\Microsoft\jdk-11.0.16.101-hotspot\bin\java.exe
0x00007ffe6a190000 - 0x00007ffe6a388000 	C:\Windows\SYSTEM32\ntdll.dll
0x00007ffe68de0000 - 0x00007ffe68e9f000 	C:\Windows\System32\KERNEL32.DLL
0x00007ffe67930000 - 0x00007ffe67c02000 	C:\Windows\System32\KERNELBASE.dll
0x00007ffe67ef0000 - 0x00007ffe67ff0000 	C:\Windows\System32\ucrtbase.dll
0x00007ffe3f9a0000 - 0x00007ffe3f9b5000 	C:\Program Files\Microsoft\jdk-11.0.16.101-hotspot\bin\VCRUNTIME140.dll
0x00007ffe3f860000 - 0x00007ffe3f877000 	C:\Program Files\Microsoft\jdk-11.0.16.101-hotspot\bin\jli.dll
0x00007ffe68ed0000 - 0x00007ffe69071000 	C:\Windows\System32\USER32.dll
0x00007ffe67ff0000 - 0x00007ffe68012000 	C:\Windows\System32\win32u.dll
0x00007ffe5b870000 - 0x00007ffe5bb0a000 	C:\Windows\WinSxS\amd64_microsoft.windows.common-controls_6595b64144ccf1df_6.0.19041.1110_none_60b5254171f9507e\COMCTL32.dll
0x00007ffe681e0000 - 0x00007ffe6820b000 	C:\Windows\System32\GDI32.dll
0x00007ffe69a50000 - 0x00007ffe69aee000 	C:\Windows\System32\msvcrt.dll
0x00007ffe68020000 - 0x00007ffe6812f000 	C:\Windows\System32\gdi32full.dll
0x00007ffe67890000 - 0x00007ffe6792d000 	C:\Windows\System32\msvcp_win.dll
0x00007ffe68ea0000 - 0x00007ffe68ed0000 	C:\Windows\System32\IMM32.DLL
0x00007ffe3f7c0000 - 0x00007ffe3f85b000 	C:\Program Files\Microsoft\jdk-11.0.16.101-hotspot\bin\msvcp140.dll
0x00007ffd88240000 - 0x00007ffd88dca000 	C:\Program Files\Microsoft\jdk-11.0.16.101-hotspot\bin\server\jvm.dll
0x00007ffe69b50000 - 0x00007ffe69bfe000 	C:\Windows\System32\ADVAPI32.dll
0x00007ffe688d0000 - 0x00007ffe6896c000 	C:\Windows\System32\sechost.dll
0x00007ffe687a0000 - 0x00007ffe688c4000 	C:\Windows\System32\RPCRT4.dll
0x00007ffe686a0000 - 0x00007ffe686a8000 	C:\Windows\System32\PSAPI.DLL
0x00007ffe5eaf0000 - 0x00007ffe5eafa000 	C:\Windows\SYSTEM32\VERSION.dll
0x00007ffe5d4b0000 - 0x00007ffe5d4d7000 	C:\Windows\SYSTEM32\WINMM.dll
0x00007ffe58f00000 - 0x00007ffe58f09000 	C:\Windows\SYSTEM32\WSOCK32.dll
0x00007ffe69e00000 - 0x00007ffe69e6b000 	C:\Windows\System32\WS2_32.dll
0x00007ffe65710000 - 0x00007ffe65722000 	C:\Windows\SYSTEM32\kernel.appcore.dll
0x00007ffe43b90000 - 0x00007ffe43ba0000 	C:\Program Files\Microsoft\jdk-11.0.16.101-hotspot\bin\verify.dll
0x00007ffe5c000000 - 0x00007ffe5c1e4000 	C:\Windows\SYSTEM32\DBGHELP.DLL
0x00007ffe4dd50000 - 0x00007ffe4dd85000 	C:\Windows\SYSTEM32\dbgcore.DLL
0x00007ffe67c10000 - 0x00007ffe67c92000 	C:\Windows\System32\bcryptPrimitives.dll
0x00007ffe3f790000 - 0x00007ffe3f7b8000 	C:\Program Files\Microsoft\jdk-11.0.16.101-hotspot\bin\java.dll
0x00007ffe41370000 - 0x00007ffe4137a000 	C:\Program Files\Microsoft\jdk-11.0.16.101-hotspot\bin\jimage.dll
0x00007ffe3f770000 - 0x00007ffe3f788000 	C:\Program Files\Microsoft\jdk-11.0.16.101-hotspot\bin\zip.dll

dbghelp: loaded successfully - version: 4.0.5 - missing functions: none
symbol engine: initialized successfully - sym options: 0x614 - pdb path: .;C:\Program Files\Microsoft\jdk-11.0.16.101-hotspot\bin;C:\Windows\SYSTEM32;C:\Windows\WinSxS\amd64_microsoft.windows.common-controls_6595b64144ccf1df_6.0.19041.1110_none_60b5254171f9507e;C:\Program Files\Microsoft\jdk-11.0.16.101-hotspot\bin\server

VM Arguments:
java_command: com.xamarin.manifestmerger.Main obj\Debug\net7.0-android\android\manifestmerger.rsp
java_class_path (initial): C:\Program Files\dotnet\packs\Microsoft.Android.Sdk.Windows\33.0.26\tools\manifestmerger.jar
Launcher Type: SUN_STANDARD

[Global flags]
     intx CICompilerCount                          = 4                                         {product} {ergonomic}
     uint ConcGCThreads                            = 3                                         {product} {ergonomic}
     uint G1ConcRefinementThreads                  = 10                                        {product} {ergonomic}
   size_t G1HeapRegionSize                         = 2097152                                   {product} {ergonomic}
    uintx GCDrainStackTargetSize                   = 64                                        {product} {ergonomic}
   size_t InitialHeapSize                          = 536870912                                 {product} {ergonomic}
   size_t MarkStackSize                            = 4194304                                   {product} {ergonomic}
   size_t MaxHeapSize                              = 8577351680                                {product} {ergonomic}
   size_t MinHeapDeltaBytes                        = 2097152                                   {product} {ergonomic}
    uintx NonNMethodCodeHeapSize                   = 5836300                                {pd product} {ergonomic}
    uintx NonProfiledCodeHeapSize                  = 122910970                              {pd product} {ergonomic}
    uintx ProfiledCodeHeapSize                     = 122910970                              {pd product} {ergonomic}
    uintx ReservedCodeCacheSize                    = 251658240                              {pd product} {ergonomic}
     bool SegmentedCodeCache                       = true                                      {product} {ergonomic}
     bool UseCompressedClassPointers               = true                                 {lp64_product} {ergonomic}
     bool UseCompressedOops                        = true                                 {lp64_product} {ergonomic}
     bool UseG1GC                                  = true                                      {product} {ergonomic}
     bool UseLargePagesIndividualAllocation        = false                                  {pd product} {ergonomic}

Logging:
Log output configuration:
 #0: stdout all=warning uptime,level,tags
 #1: stderr all=off uptime,level,tags

Environment Variables:
JAVA_HOME=C:\Program Files\Microsoft\jdk-11.0.16.101-hotspot
PATH=C:\Program Files\Microsoft\jdk-11.0.16.101-hotspot\bin;C:\sqlite3;C:\Program Files (x86)\VMware\VMware Workstation\bin\;C:\Program Files\Python310\Scripts\;C:\Program Files\Python310\;C:\Program Files (x86)\Common Files\Oracle\Java\javapath;C:\Windows\system32;C:\Windows;C:\Windows\System32\Wbem;C:\Windows\System32\WindowsPowerShell\v1.0\;C:\Windows\System32\OpenSSH\;C:\Program Files (x86)\NVIDIA Corporation\PhysX\Common;C:\Program Files\dotnet\;C:\Program Files\Microsoft SQL Server\130\Tools\Binn\;C:\Program Files\Microsoft SQL Server\Client SDK\ODBC\170\Tools\Binn\;C:\Program Files\Microsoft SQL Server\140\Tools\Binn\;C:\Program Files\Microsoft SQL Server\150\Tools\Binn\;C:\Program Files\Git\cmd;C:\Program Files\NVIDIA Corporation\NVIDIA NvDLISR;C:\Users\sangs\.cargo\bin;C:\Users\sangs\AppData\Local\Microsoft\WindowsApps;C:\Users\sangs\.dotnet\tools;C:\Users\sangs\AppData\Local\GitHubDesktop\bin;C:\Users\sangs\AppData\Local\Programs\Microsoft VS Code\bin;C:\Program Files\JetBrains\IntelliJ IDEA Community Edition 2021.3.2\bin;C:\Users\sangs\AppData\Local\JetBrains\Toolbox\scripts;C:\Users\sangs\.dotnet\tools;C:\sqlite3;
USERNAME=sangs
OS=Windows_NT
PROCESSOR_IDENTIFIER=AMD64 Family 25 Model 33 Stepping 0, AuthenticAMD
TMP=C:\Users\sangs\AppData\Local\Temp
TEMP=C:\Users\sangs\AppData\Local\Temp



---------------  S Y S T E M  ---------------

OS: Windows 10 , 64 bit Build 19041 (10.0.19041.2546)
OS uptime: 11 days 18:55 hours
Hyper-V role detected

CPU:total 12 (initial active 12) (12 cores per cpu, 2 threads per core) family 25 model 33 stepping 0 microcode 0x0, cmov, cx8, fxsr, mmx, sse, sse2, sse3, ssse3, sse4.1, sse4.2, popcnt, avx, avx2, aes, clmul, erms, mmxext, 3dnowpref, lzcnt, sse4a, ht, tsc, tscinvbit, tscinv, bmi1, bmi2, adx, sha, fma

Memory: 4k page, system-wide physical 32712M (13899M free)
TotalPageFile size 92252M (AvailPageFile size 342M)
current process WorkingSet (physical memory assigned to process): 10M, peak: 10M
current process commit charge ("private bytes"): 65M, peak: 577M

vm_info: OpenJDK 64-Bit Server VM (11.0.16.1+1-LTS) for windows-amd64 JRE (11.0.16.1+1-LTS), built on Aug 20 2022 20:09:04 by "" with MS VC++ 15.9 (VS2017)

END.
