#
# There is insufficient memory for the Java Runtime Environment to continue.
# Native memory allocation (mmap) failed to map 536870912 bytes for Failed to commit area from 0x0000000600c00000 to 0x0000000620c00000 of length 536870912.
# Possible reasons:
#   The system is out of physical RAM or swap space
#   The process is running with CompressedOops enabled, and the Java Heap may be blocking the growth of the native heap
# Possible solutions:
#   Reduce memory load on the system
#   Increase physical memory or swap space
#   Check if swap backing store is full
#   Decrease Java heap size (-Xmx/-Xms)
#   Decrease number of Java threads
#   Decrease Java thread stack sizes (-Xss)
#   Set larger code cache with -XX:ReservedCodeCacheSize=
# This output file may be truncated or incomplete.
#
#  Out of Memory Error (./src/hotspot/os/windows/os_windows.cpp:3386), pid=26020, tid=28968
#
# JRE version:  (11.0.16.1+1) (build )
# Java VM: OpenJDK 64-Bit Server VM (11.0.16.1+1-LTS, mixed mode, sharing, tiered, compressed oops, g1 gc, windows-amd64)
# No core dump will be written. Minidumps are not enabled by default on client versions of Windows
#

---------------  S U M M A R Y ------------

Command Line: 

Host: AMD Ryzen 5 5600X 6-Core Processor             , 12 cores, 31G,  Windows 10 , 64 bit Build 19041 (10.0.19041.3155)
Time: Fri Aug 25 21:05:22 2023 Eastern Daylight Time elapsed time: 0.009337 seconds (0d 0h 0m 0s)

---------------  T H R E A D  ---------------

Current thread (0x0000025bbc5de000):  JavaThread "Unknown thread" [_thread_in_vm, id=28968, stack(0x000000775f500000,0x000000775f600000)]

Stack: [0x000000775f500000,0x000000775f600000]
Native frames: (J=compiled Java code, j=interpreted, Vv=VM code, C=native code)
V  [jvm.dll+0x62652a]
V  [jvm.dll+0x7b3249]
V  [jvm.dll+0x7b4938]
V  [jvm.dll+0x7b5013]
V  [jvm.dll+0x24fca8]
V  [jvm.dll+0x62383a]
V  [jvm.dll+0x617fe5]
V  [jvm.dll+0x307bac]
V  [jvm.dll+0x307a32]
V  [jvm.dll+0x30c746]
V  [jvm.dll+0x352b9f]
V  [jvm.dll+0x3525d0]
V  [jvm.dll+0x2e4ba8]
V  [jvm.dll+0x2e5d06]
V  [jvm.dll+0x78d097]
V  [jvm.dll+0x78e81f]
V  [jvm.dll+0x35f8e9]
V  [jvm.dll+0x770000]
V  [jvm.dll+0x3cd40f]
V  [jvm.dll+0x3cf7a1]
C  [jli.dll+0x5207]
C  [ucrtbase.dll+0x21bb2]
C  [KERNEL32.DLL+0x17614]
C  [ntdll.dll+0x526b1]


---------------  P R O C E S S  ---------------

Threads class SMR info:
_java_thread_list=0x0000025bba3d0e20, length=0, elements={
}

Java Threads: ( => current thread )

Other Threads:
  0x0000025bbc5f2000 GCTaskThread "GC Thread#0" [stack: 0x000000775f600000,0x000000775f700000] [id=32660]
  0x0000025bbc679000 ConcurrentGCThread "G1 Main Marker" [stack: 0x000000775f700000,0x000000775f800000] [id=13868]
  0x0000025bbc67b000 ConcurrentGCThread "G1 Conc#0" [stack: 0x000000775f800000,0x000000775f900000] [id=8692]

[error occurred during error reporting (printing all threads), id 0xc0000005, EXCEPTION_ACCESS_VIOLATION (0xc0000005) at pc=0x00007ff8259f4377]

VM state:not at safepoint (not fully initialized)

VM Mutex/Monitor currently owned by a thread:  ([mutex/lock_event])
[0x0000025bbc5db040] Heap_lock - owner thread: 0x0000025bbc5de000

Heap address: 0x0000000600c00000, size: 8180 MB, Compressed Oops mode: Non-zero based: 0x0000000600c00000
Narrow klass base: 0x0000000000000000, Narrow klass shift: 0

GC Heap History (0 events):
No events

Deoptimization events (0 events):
No events

Classes redefined (0 events):
No events

Internal exceptions (0 events):
No events

Events (1 events):
Event: 0.005 Loaded shared library C:\Program Files\Microsoft\jdk-11.0.16.101-hotspot\bin\zip.dll


Dynamic libraries:
0x00007ff7c0e80000 - 0x00007ff7c0e8d000 	C:\Program Files\Microsoft\jdk-11.0.16.101-hotspot\bin\java.exe
0x00007ff89ed90000 - 0x00007ff89ef88000 	C:\Windows\SYSTEM32\ntdll.dll
0x00007ff89d2c0000 - 0x00007ff89d37f000 	C:\Windows\System32\KERNEL32.DLL
0x00007ff89c720000 - 0x00007ff89ca16000 	C:\Windows\System32\KERNELBASE.dll
0x00007ff89cbe0000 - 0x00007ff89cce0000 	C:\Windows\System32\ucrtbase.dll
0x00007ff891ea0000 - 0x00007ff891eb7000 	C:\Program Files\Microsoft\jdk-11.0.16.101-hotspot\bin\jli.dll
0x00007ff891e80000 - 0x00007ff891e95000 	C:\Program Files\Microsoft\jdk-11.0.16.101-hotspot\bin\VCRUNTIME140.dll
0x00007ff89d120000 - 0x00007ff89d2bd000 	C:\Windows\System32\USER32.dll
0x00007ff88dcb0000 - 0x00007ff88df4a000 	C:\Windows\WinSxS\amd64_microsoft.windows.common-controls_6595b64144ccf1df_6.0.19041.1110_none_60b5254171f9507e\COMCTL32.dll
0x00007ff89cb00000 - 0x00007ff89cb22000 	C:\Windows\System32\win32u.dll
0x00007ff89cfa0000 - 0x00007ff89d03e000 	C:\Windows\System32\msvcrt.dll
0x00007ff89d040000 - 0x00007ff89d06c000 	C:\Windows\System32\GDI32.dll
0x00007ff89c600000 - 0x00007ff89c715000 	C:\Windows\System32\gdi32full.dll
0x00007ff89cd50000 - 0x00007ff89cded000 	C:\Windows\System32\msvcp_win.dll
0x00007ff89d570000 - 0x00007ff89d5a0000 	C:\Windows\System32\IMM32.DLL
0x00007ff85c370000 - 0x00007ff85c40b000 	C:\Program Files\Microsoft\jdk-11.0.16.101-hotspot\bin\msvcp140.dll
0x00007ff825700000 - 0x00007ff82628a000 	C:\Program Files\Microsoft\jdk-11.0.16.101-hotspot\bin\server\jvm.dll
0x00007ff89e640000 - 0x00007ff89e6ef000 	C:\Windows\System32\ADVAPI32.dll
0x00007ff89e6f0000 - 0x00007ff89e78c000 	C:\Windows\System32\sechost.dll
0x00007ff89e8c0000 - 0x00007ff89e9e6000 	C:\Windows\System32\RPCRT4.dll
0x00007ff89e630000 - 0x00007ff89e638000 	C:\Windows\System32\PSAPI.DLL
0x00007ff869010000 - 0x00007ff869019000 	C:\Windows\SYSTEM32\WSOCK32.dll
0x00007ff892230000 - 0x00007ff892257000 	C:\Windows\SYSTEM32\WINMM.dll
0x00007ff895920000 - 0x00007ff89592a000 	C:\Windows\SYSTEM32\VERSION.dll
0x00007ff89e790000 - 0x00007ff89e7fb000 	C:\Windows\System32\WS2_32.dll
0x00007ff89a2d0000 - 0x00007ff89a2e2000 	C:\Windows\SYSTEM32\kernel.appcore.dll
0x00007ff890b90000 - 0x00007ff890ba0000 	C:\Program Files\Microsoft\jdk-11.0.16.101-hotspot\bin\verify.dll
0x00007ff88ebb0000 - 0x00007ff88ed94000 	C:\Windows\SYSTEM32\DBGHELP.DLL
0x00007ff87d8f0000 - 0x00007ff87d924000 	C:\Windows\SYSTEM32\dbgcore.DLL
0x00007ff89ca20000 - 0x00007ff89caa2000 	C:\Windows\System32\bcryptPrimitives.dll
0x00007ff884a90000 - 0x00007ff884ab8000 	C:\Program Files\Microsoft\jdk-11.0.16.101-hotspot\bin\java.dll
0x00007ff890aa0000 - 0x00007ff890aaa000 	C:\Program Files\Microsoft\jdk-11.0.16.101-hotspot\bin\jimage.dll
0x00007ff890820000 - 0x00007ff890838000 	C:\Program Files\Microsoft\jdk-11.0.16.101-hotspot\bin\zip.dll

dbghelp: loaded successfully - version: 4.0.5 - missing functions: none
symbol engine: initialized successfully - sym options: 0x614 - pdb path: .;C:\Program Files\Microsoft\jdk-11.0.16.101-hotspot\bin;C:\Windows\SYSTEM32;C:\Windows\WinSxS\amd64_microsoft.windows.common-controls_6595b64144ccf1df_6.0.19041.1110_none_60b5254171f9507e;C:\Program Files\Microsoft\jdk-11.0.16.101-hotspot\bin\server

VM Arguments:
java_command: <unknown>
java_class_path (initial): <not set>
Launcher Type: SUN_STANDARD

[Global flags]
     intx CICompilerCount                          = 4                                         {product} {ergonomic}
     uint ConcGCThreads                            = 3                                         {product} {ergonomic}
     uint G1ConcRefinementThreads                  = 10                                        {product} {ergonomic}
   size_t G1HeapRegionSize                         = 2097152                                   {product} {ergonomic}
    uintx GCDrainStackTargetSize                   = 64                                        {product} {ergonomic}
   size_t InitialHeapSize                          = 536870912                                 {product} {ergonomic}
   size_t MarkStackSize                            = 4194304                                   {product} {ergonomic}
   size_t MaxHeapSize                              = 8577351680                                {product} {ergonomic}
   size_t MinHeapDeltaBytes                        = 2097152                                   {product} {ergonomic}
    uintx NonNMethodCodeHeapSize                   = 5836300                                {pd product} {ergonomic}
    uintx NonProfiledCodeHeapSize                  = 122910970                              {pd product} {ergonomic}
    uintx ProfiledCodeHeapSize                     = 122910970                              {pd product} {ergonomic}
    uintx ReservedCodeCacheSize                    = 251658240                              {pd product} {ergonomic}
     bool SegmentedCodeCache                       = true                                      {product} {ergonomic}
     bool UseCompressedClassPointers               = true                                 {lp64_product} {ergonomic}
     bool UseCompressedOops                        = true                                 {lp64_product} {ergonomic}
     bool UseG1GC                                  = true                                      {product} {ergonomic}
     bool UseLargePagesIndividualAllocation        = false                                  {pd product} {ergonomic}

Logging:
Log output configuration:
 #0: stdout all=warning uptime,level,tags
 #1: stderr all=off uptime,level,tags

Environment Variables:
JAVA_HOME=C:\Program Files\Microsoft\jdk-11.0.16.101-hotspot
PATH=C:\Program Files (x86)\Common Files\Oracle\Java\javapath;C:\Program Files\Microsoft\jdk-11.0.16.101-hotspot\bin;C:\sqlite3;C:\Program Files (x86)\VMware\VMware Workstation\bin\;C:\Program Files\Python310\Scripts\;C:\Program Files\Python310\;C:\Windows\system32;C:\Windows;C:\Windows\System32\Wbem;C:\Windows\System32\WindowsPowerShell\v1.0\;C:\Windows\System32\OpenSSH\;C:\Program Files (x86)\NVIDIA Corporation\PhysX\Common;C:\Program Files\dotnet\;C:\Program Files\Microsoft SQL Server\130\Tools\Binn\;C:\Program Files\Microsoft SQL Server\Client SDK\ODBC\170\Tools\Binn\;C:\Program Files\Microsoft SQL Server\140\Tools\Binn\;C:\Program Files\Microsoft SQL Server\150\Tools\Binn\;C:\Program Files\Git\cmd;C:\Program Files\NVIDIA Corporation\NVIDIA NvDLISR;C:\Program Files\PuTTY\;C:\Users\sangs\AppData\Roaming\Python\Python310\Scripts;;C:\Program Files\Docker\Docker\resources\bin;C:\Users\sangs\.cargo\bin;C:\Users\sangs\AppData\Local\Microsoft\WindowsApps;C:\Users\sangs\.dotnet\tools;C:\Users\sangs\AppData\Local\GitHubDesktop\bin;C:\Users\sangs\AppData\Local\Programs\Microsoft VS Code\bin;C:\Program Files\JetBrains\IntelliJ IDEA Community Edition 2021.3.2\bin;C:\Users\sangs\AppData\Local\JetBrains\Toolbox\scripts;C:\Users\sangs\.dotnet\tools;C:\sqlite3;C:\Users\sangs\AppData\Roaming\Python\Python310\Scripts;
USERNAME=sangs
OS=Windows_NT
PROCESSOR_IDENTIFIER=AMD64 Family 25 Model 33 Stepping 0, AuthenticAMD
TMP=C:\Users\sangs\AppData\Local\Temp
TEMP=C:\Users\sangs\AppData\Local\Temp



---------------  S Y S T E M  ---------------

OS: Windows 10 , 64 bit Build 19041 (10.0.19041.3155)
OS uptime: 8 days 3:55 hours
Hyper-V role detected

CPU:total 12 (initial active 12) (12 cores per cpu, 2 threads per core) family 25 model 33 stepping 0 microcode 0x0, cmov, cx8, fxsr, mmx, sse, sse2, sse3, ssse3, sse4.1, sse4.2, popcnt, avx, avx2, aes, clmul, erms, mmxext, 3dnowpref, lzcnt, sse4a, ht, tsc, tscinvbit, tscinv, bmi1, bmi2, adx, sha, fma

Memory: 4k page, system-wide physical 32712M (9034M free)
TotalPageFile size 130811M (AvailPageFile size 244M)
current process WorkingSet (physical memory assigned to process): 10M, peak: 10M
current process commit charge ("private bytes"): 65M, peak: 576M

vm_info: OpenJDK 64-Bit Server VM (11.0.16.1+1-LTS) for windows-amd64 JRE (11.0.16.1+1-LTS), built on Aug 20 2022 20:09:04 by "" with MS VC++ 15.9 (VS2017)

END.
