#
# There is insufficient memory for the Java Runtime Environment to continue.
# Native memory allocation (mmap) failed to map 536870912 bytes for G1 virtual space
# Possible reasons:
#   The system is out of physical RAM or swap space
#   The process is running with CompressedOops enabled, and the Java Heap may be blocking the growth of the native heap
# Possible solutions:
#   Reduce memory load on the system
#   Increase physical memory or swap space
#   Check if swap backing store is full
#   Decrease Java heap size (-Xmx/-Xms)
#   Decrease number of Java threads
#   Decrease Java thread stack sizes (-Xss)
#   Set larger code cache with -XX:ReservedCodeCacheSize=
#   JVM is running with Zero Based Compressed Oops mode in which the Java heap is
#     placed in the first 32GB address space. The Java Heap base address is the
#     maximum limit for the native heap growth. Please use -XX:HeapBaseMinAddress
#     to set the Java Heap base and to place the Java Heap above 32GB virtual address.
# This output file may be truncated or incomplete.
#
#  Out of Memory Error (os_windows.cpp:3617), pid=27052, tid=10912
#
# JRE version:  (17.0.8.1+1) (build )
# Java VM: OpenJDK 64-Bit Server VM (17.0.8.1+1-LTS, mixed mode, sharing, tiered, compressed oops, compressed class ptrs, g1 gc, windows-amd64)
# No core dump will be written. Minidumps are not enabled by default on client versions of Windows
#

---------------  S U M M A R Y ------------

Command Line: 

Host: AMD Ryzen 5 5600X 6-Core Processor             , 12 cores, 31G,  Windows 10 , 64 bit Build 19041 (10.0.19041.3636)
Time: Sun Feb 11 22:51:17 2024 Eastern Standard Time elapsed time: 0.018135 seconds (0d 0h 0m 0s)

---------------  T H R E A D  ---------------

Current thread (0x000001e717651530):  JavaThread "Unknown thread" [_thread_in_vm, id=10912, stack(0x000000180a300000,0x000000180a400000)]

Stack: [0x000000180a300000,0x000000180a400000]
Native frames: (J=compiled Java code, j=interpreted, Vv=VM code, C=native code)
V  [jvm.dll+0x67bf3a]
V  [jvm.dll+0x83a024]
V  [jvm.dll+0x83b7ce]
V  [jvm.dll+0x83be33]
V  [jvm.dll+0x24785f]
V  [jvm.dll+0x678cb9]
V  [jvm.dll+0x66d54a]
V  [jvm.dll+0x308feb]
V  [jvm.dll+0x310496]
V  [jvm.dll+0x36019e]
V  [jvm.dll+0x3603cf]
V  [jvm.dll+0x2dff38]
V  [jvm.dll+0x2e0ea4]
V  [jvm.dll+0x80bca1]
V  [jvm.dll+0x36df61]
V  [jvm.dll+0x7eafac]
V  [jvm.dll+0x3f0c8f]
V  [jvm.dll+0x3f28a1]
C  [jli.dll+0x528f]
C  [ucrtbase.dll+0x21bb2]
C  [KERNEL32.DLL+0x17344]
C  [ntdll.dll+0x526b1]


---------------  P R O C E S S  ---------------

Threads class SMR info:
_java_thread_list=0x00007ffd36683058, length=0, elements={
}

Java Threads: ( => current thread )

Other Threads:
  0x000001e7176fe330 GCTaskThread "GC Thread#0" [stack: 0x000000180a400000,0x000000180a500000] [id=15008]
  0x000001e741644070 ConcurrentGCThread "G1 Main Marker" [stack: 0x000000180a500000,0x000000180a600000] [id=13648]
  0x000001e71770c490 ConcurrentGCThread "G1 Conc#0" [stack: 0x000000180a600000,0x000000180a700000] [id=6200]

[error occurred during error reporting (printing all threads), id 0xc0000005, EXCEPTION_ACCESS_VIOLATION (0xc0000005) at pc=0x00007ffd35e40927]

VM state: not at safepoint (not fully initialized)

VM Mutex/Monitor currently owned by a thread:  ([mutex/lock_event])
[0x000001e71764d570] Heap_lock - owner thread: 0x000001e717651530

Heap address: 0x0000000600c00000, size: 8180 MB, Compressed Oops mode: Zero based, Oop shift amount: 3

CDS archive(s) mapped at: [0x0000000000000000-0x0000000000000000-0x0000000000000000), size 0, SharedBaseAddress: 0x0000000800000000, ArchiveRelocationMode: 1.
Narrow klass base: 0x0000000000000000, Narrow klass shift: 0, Narrow klass range: 0x0

GC Precious Log:
<Empty>

Heap:
 garbage-first heap   total 0K, used 0K [0x0000000600c00000, 0x0000000800000000)
  region size 4096K, 0 young (0K), 0 survivors (0K)

[error occurred during error reporting (printing heap information), id 0xc0000005, EXCEPTION_ACCESS_VIOLATION (0xc0000005) at pc=0x00007ffd36225fc9]

GC Heap History (0 events):
No events

Dll operation events (1 events):
Event: 0.005 Loaded shared library C:\Program Files (x86)\Android\openjdk\jdk-17.0.8.101-hotspot\bin\java.dll

Deoptimization events (0 events):
No events

Classes unloaded (0 events):
No events

Classes redefined (0 events):
No events

Internal exceptions (0 events):
No events

VM Operations (0 events):
No events

Events (0 events):
No events


Dynamic libraries:
0x00007ff7594c0000 - 0x00007ff7594ce000 	C:\Program Files (x86)\Android\openjdk\jdk-17.0.8.101-hotspot\bin\java.exe
0x00007ffe70b70000 - 0x00007ffe70d68000 	C:\Windows\SYSTEM32\ntdll.dll
0x00007ffe6f690000 - 0x00007ffe6f74d000 	C:\Windows\System32\KERNEL32.DLL
0x00007ffe6e3a0000 - 0x00007ffe6e696000 	C:\Windows\System32\KERNELBASE.dll
0x00007ffe6ea30000 - 0x00007ffe6eb30000 	C:\Windows\System32\ucrtbase.dll
0x00007ffe5dc10000 - 0x00007ffe5dc2b000 	C:\Program Files (x86)\Android\openjdk\jdk-17.0.8.101-hotspot\bin\VCRUNTIME140.dll
0x00007ffe5dbf0000 - 0x00007ffe5dc07000 	C:\Program Files (x86)\Android\openjdk\jdk-17.0.8.101-hotspot\bin\jli.dll
0x00007ffe6fa20000 - 0x00007ffe6fbbe000 	C:\Windows\System32\USER32.dll
0x00007ffe5f320000 - 0x00007ffe5f5ba000 	C:\Windows\WinSxS\amd64_microsoft.windows.common-controls_6595b64144ccf1df_6.0.19041.3636_none_60b6a03d71f818d5\COMCTL32.dll
0x00007ffe6e6f0000 - 0x00007ffe6e712000 	C:\Windows\System32\win32u.dll
0x00007ffe6fbd0000 - 0x00007ffe6fc6e000 	C:\Windows\System32\msvcrt.dll
0x00007ffe6fd90000 - 0x00007ffe6fdbc000 	C:\Windows\System32\GDI32.dll
0x00007ffe6e720000 - 0x00007ffe6e83a000 	C:\Windows\System32\gdi32full.dll
0x00007ffe6e960000 - 0x00007ffe6e9fd000 	C:\Windows\System32\msvcp_win.dll
0x00007ffe6f5a0000 - 0x00007ffe6f5d0000 	C:\Windows\System32\IMM32.DLL
0x00007ffe5dbe0000 - 0x00007ffe5dbec000 	C:\Program Files (x86)\Android\openjdk\jdk-17.0.8.101-hotspot\bin\vcruntime140_1.dll
0x00007ffe5db50000 - 0x00007ffe5dbdd000 	C:\Program Files (x86)\Android\openjdk\jdk-17.0.8.101-hotspot\bin\msvcp140.dll
0x00007ffd35b50000 - 0x00007ffd367b5000 	C:\Program Files (x86)\Android\openjdk\jdk-17.0.8.101-hotspot\bin\server\jvm.dll
0x00007ffe6f960000 - 0x00007ffe6fa13000 	C:\Windows\System32\ADVAPI32.dll
0x00007ffe6f5f0000 - 0x00007ffe6f68f000 	C:\Windows\System32\sechost.dll
0x00007ffe6f470000 - 0x00007ffe6f596000 	C:\Windows\System32\RPCRT4.dll
0x00007ffe6ea00000 - 0x00007ffe6ea27000 	C:\Windows\System32\bcrypt.dll
0x00007ffe6db40000 - 0x00007ffe6db8b000 	C:\Windows\SYSTEM32\POWRPROF.dll
0x00007ffdfdcf0000 - 0x00007ffdfdcf9000 	C:\Windows\SYSTEM32\WSOCK32.dll
0x00007ffe644e0000 - 0x00007ffe644ea000 	C:\Windows\SYSTEM32\VERSION.dll
0x00007ffe5b900000 - 0x00007ffe5b927000 	C:\Windows\SYSTEM32\WINMM.dll
0x00007ffe70740000 - 0x00007ffe707ab000 	C:\Windows\System32\WS2_32.dll
0x00007ffe6db20000 - 0x00007ffe6db32000 	C:\Windows\SYSTEM32\UMPDC.dll
0x00007ffe6c0b0000 - 0x00007ffe6c0c2000 	C:\Windows\SYSTEM32\kernel.appcore.dll
0x00007ffe5db40000 - 0x00007ffe5db4a000 	C:\Program Files (x86)\Android\openjdk\jdk-17.0.8.101-hotspot\bin\jimage.dll
0x00007ffe59a20000 - 0x00007ffe59c04000 	C:\Windows\SYSTEM32\DBGHELP.DLL
0x00007ffe45ef0000 - 0x00007ffe45f24000 	C:\Windows\SYSTEM32\dbgcore.DLL
0x00007ffe6eb30000 - 0x00007ffe6ebb2000 	C:\Windows\System32\bcryptPrimitives.dll
0x00007ffe5db10000 - 0x00007ffe5db35000 	C:\Program Files (x86)\Android\openjdk\jdk-17.0.8.101-hotspot\bin\java.dll

dbghelp: loaded successfully - version: 4.0.5 - missing functions: none
symbol engine: initialized successfully - sym options: 0x614 - pdb path: .;C:\Program Files (x86)\Android\openjdk\jdk-17.0.8.101-hotspot\bin;C:\Windows\SYSTEM32;C:\Windows\WinSxS\amd64_microsoft.windows.common-controls_6595b64144ccf1df_6.0.19041.3636_none_60b6a03d71f818d5;C:\Program Files (x86)\Android\openjdk\jdk-17.0.8.101-hotspot\bin\server

VM Arguments:
java_command: <unknown>
java_class_path (initial): <not set>
Launcher Type: SUN_STANDARD

[Global flags]
     intx CICompilerCount                          = 4                                         {product} {ergonomic}
     uint ConcGCThreads                            = 3                                         {product} {ergonomic}
     uint G1ConcRefinementThreads                  = 10                                        {product} {ergonomic}
   size_t G1HeapRegionSize                         = 4194304                                   {product} {ergonomic}
    uintx GCDrainStackTargetSize                   = 64                                        {product} {ergonomic}
   size_t InitialHeapSize                          = 536870912                                 {product} {ergonomic}
   size_t MarkStackSize                            = 4194304                                   {product} {ergonomic}
   size_t MaxHeapSize                              = 8577351680                                {product} {ergonomic}
   size_t MinHeapDeltaBytes                        = 4194304                                   {product} {ergonomic}
   size_t MinHeapSize                              = 8388608                                   {product} {ergonomic}
    uintx NonNMethodCodeHeapSize                   = 5839372                                {pd product} {ergonomic}
    uintx NonProfiledCodeHeapSize                  = 122909434                              {pd product} {ergonomic}
    uintx ProfiledCodeHeapSize                     = 122909434                              {pd product} {ergonomic}
    uintx ReservedCodeCacheSize                    = 251658240                              {pd product} {ergonomic}
     bool SegmentedCodeCache                       = true                                      {product} {ergonomic}
   size_t SoftMaxHeapSize                          = 8577351680                             {manageable} {ergonomic}
     bool UseCompressedClassPointers               = true                           {product lp64_product} {ergonomic}
     bool UseCompressedOops                        = true                           {product lp64_product} {ergonomic}
     bool UseG1GC                                  = true                                      {product} {ergonomic}
     bool UseLargePagesIndividualAllocation        = false                                  {pd product} {ergonomic}

Logging:
Log output configuration:
 #0: stdout all=warning uptime,level,tags
 #1: stderr all=off uptime,level,tags

Environment Variables:
JAVA_HOME=C:\Program Files (x86)\Android\openjdk\jdk-17.0.8.101-hotspot
PATH=C:\Program Files (x86)\Android\openjdk\jdk-17.0.8.101-hotspot\bin;C:\Program Files (x86)\Common Files\Oracle\Java\javapath;C:\Program Files\Microsoft\jdk-11.0.16.101-hotspot\bin;C:\sqlite3;C:\Program Files (x86)\VMware\VMware Workstation\bin\;C:\Program Files\Python310\Scripts\;C:\Program Files\Python310\;C:\Windows\system32;C:\Windows;C:\Windows\System32\Wbem;C:\Windows\System32\WindowsPowerShell\v1.0\;C:\Windows\System32\OpenSSH\;C:\Program Files (x86)\NVIDIA Corporation\PhysX\Common;C:\Program Files\dotnet\;C:\Program Files\Microsoft SQL Server\130\Tools\Binn\;C:\Program Files\Microsoft SQL Server\Client SDK\ODBC\170\Tools\Binn\;C:\Program Files\Microsoft SQL Server\140\Tools\Binn\;C:\Program Files\Microsoft SQL Server\150\Tools\Binn\;C:\Program Files\Git\cmd;C:\Program Files\NVIDIA Corporation\NVIDIA NvDLISR;C:\Program Files\PuTTY\;C:\Users\sangs\AppData\Roaming\Python\Python310\Scripts;;C:\Program Files\Docker\Docker\resources\bin;C:\Users\sangs\.cargo\bin;C:\Users\sangs\AppData\Local\Microsoft\WindowsApps;C:\Users\sangs\.dotnet\tools;C:\Users\sangs\AppData\Local\Programs\Microsoft VS Code\bin;C:\Program Files\JetBrains\IntelliJ IDEA Community Edition 2021.3.2\bin;C:\Users\sangs\AppData\Local\JetBrains\Toolbox\scripts;C:\Users\sangs\.dotnet\tools;C:\sqlite3;C:\Users\sangs\AppData\Roaming\Python\Python310\Scripts
USERNAME=sangs
OS=Windows_NT
PROCESSOR_IDENTIFIER=AMD64 Family 25 Model 33 Stepping 0, AuthenticAMD
TMP=C:\Users\sangs\AppData\Local\Temp
TEMP=C:\Users\sangs\AppData\Local\Temp



---------------  S Y S T E M  ---------------

OS:
 Windows 10 , 64 bit Build 19041 (10.0.19041.3636)
OS uptime: 7 days 5:15 hours
Hyper-V role detected

CPU: total 12 (initial active 12) (12 cores per cpu, 2 threads per core) family 25 model 33 stepping 0 microcode 0x0, cx8, cmov, fxsr, ht, mmx, 3dnowpref, sse, sse2, sse3, ssse3, sse4a, sse4.1, sse4.2, popcnt, lzcnt, tsc, tscinvbit, avx, avx2, aes, erms, clmul, bmi1, bmi2, adx, sha, fma, vzeroupper, clflush, clflushopt, hv
Processor Information for all 12 processors :
  Max Mhz: 3701, Current Mhz: 3701, Mhz Limit: 3701

Memory: 4k page, system-wide physical 32712M (7053M free)
TotalPageFile size 131016M (AvailPageFile size 80M)
current process WorkingSet (physical memory assigned to process): 10M, peak: 10M
current process commit charge ("private bytes"): 64M, peak: 576M

vm_info: OpenJDK 64-Bit Server VM (17.0.8.1+1-LTS) for windows-amd64 JRE (17.0.8.1+1-LTS), built on Aug 23 2023 17:38:52 by "MicrosoftCorporation" with MS VC++ 16.10 / 16.11 (VS2019)

END.
